<?xml version="1.0" encoding="UTF-8"?>
<testng-results skipped="0" failed="0" ignored="0" total="4" passed="4">
  <reporter-output>
  </reporter-output>
  <suite name="TestSuite" duration-ms="40583" started-at="2020-12-27T12:36:47 IST" finished-at="2020-12-27T12:37:27 IST">
    <groups>
    </groups>
    <test name="ChromeTest" duration-ms="40583" started-at="2020-12-27T12:36:47 IST" finished-at="2020-12-27T12:37:27 IST">
      <class name="MavenTestNGPackage.TestNGClass">
        <test-method status="PASS" signature="setup(java.lang.String)[pri:0, instance:MavenTestNGPackage.TestNGClass@5d76b067]" name="setup" is-config="true" duration-ms="20433" started-at="2020-12-27T12:36:47 IST" finished-at="2020-12-27T12:37:07 IST">
          <params>
            <param index="0">
              <value>
                <![CDATA[chrome]]>
              </value>
            </param>
          </params>
          <reporter-output>
          </reporter-output>
        </test-method> <!-- setup -->
        <test-method status="PASS" signature="TestCase1()[pri:0, instance:MavenTestNGPackage.TestNGClass@5d76b067]" name="TestCase1" duration-ms="1044" started-at="2020-12-27T12:37:07 IST" finished-at="2020-12-27T12:37:08 IST">
          <reporter-output>
          </reporter-output>
        </test-method> <!-- TestCase1 -->
        <test-method status="PASS" signature="aftermethod()[pri:0, instance:MavenTestNGPackage.TestNGClass@5d76b067]" name="aftermethod" is-config="true" duration-ms="80" started-at="2020-12-27T12:37:08 IST" finished-at="2020-12-27T12:37:08 IST">
          <reporter-output>
          </reporter-output>
        </test-method> <!-- aftermethod -->
        <test-method status="PASS" signature="setup(java.lang.String)[pri:0, instance:MavenTestNGPackage.TestNGClass@5d76b067]" name="setup" is-config="true" duration-ms="5387" started-at="2020-12-27T12:37:08 IST" finished-at="2020-12-27T12:37:13 IST">
          <params>
            <param index="0">
              <value>
                <![CDATA[chrome]]>
              </value>
            </param>
          </params>
          <reporter-output>
          </reporter-output>
        </test-method> <!-- setup -->
        <test-method status="PASS" signature="TestCase2()[pri:0, instance:MavenTestNGPackage.TestNGClass@5d76b067]" name="TestCase2" duration-ms="661" started-at="2020-12-27T12:37:13 IST" finished-at="2020-12-27T12:37:14 IST">
          <reporter-output>
          </reporter-output>
        </test-method> <!-- TestCase2 -->
        <test-method status="PASS" signature="aftermethod()[pri:0, instance:MavenTestNGPackage.TestNGClass@5d76b067]" name="aftermethod" is-config="true" duration-ms="66" started-at="2020-12-27T12:37:14 IST" finished-at="2020-12-27T12:37:14 IST">
          <reporter-output>
          </reporter-output>
        </test-method> <!-- aftermethod -->
        <test-method status="PASS" signature="setup(java.lang.String)[pri:0, instance:MavenTestNGPackage.TestNGClass@5d76b067]" name="setup" is-config="true" duration-ms="5333" started-at="2020-12-27T12:37:14 IST" finished-at="2020-12-27T12:37:20 IST">
          <params>
            <param index="0">
              <value>
                <![CDATA[chrome]]>
              </value>
            </param>
          </params>
          <reporter-output>
          </reporter-output>
        </test-method> <!-- setup -->
        <test-method status="PASS" signature="TestCase3()[pri:0, instance:MavenTestNGPackage.TestNGClass@5d76b067]" name="TestCase3" duration-ms="1048" started-at="2020-12-27T12:37:20 IST" finished-at="2020-12-27T12:37:21 IST">
          <reporter-output>
          </reporter-output>
        </test-method> <!-- TestCase3 -->
        <test-method status="PASS" signature="aftermethod()[pri:0, instance:MavenTestNGPackage.TestNGClass@5d76b067]" name="aftermethod" is-config="true" duration-ms="76" started-at="2020-12-27T12:37:21 IST" finished-at="2020-12-27T12:37:21 IST">
          <reporter-output>
          </reporter-output>
        </test-method> <!-- aftermethod -->
        <test-method status="PASS" signature="setup(java.lang.String)[pri:0, instance:MavenTestNGPackage.TestNGClass@5d76b067]" name="setup" is-config="true" duration-ms="5354" started-at="2020-12-27T12:37:21 IST" finished-at="2020-12-27T12:37:26 IST">
          <params>
            <param index="0">
              <value>
                <![CDATA[chrome]]>
              </value>
            </param>
          </params>
          <reporter-output>
          </reporter-output>
        </test-method> <!-- setup -->
        <test-method status="PASS" signature="TestCase4()[pri:0, instance:MavenTestNGPackage.TestNGClass@5d76b067]" name="TestCase4" duration-ms="998" started-at="2020-12-27T12:37:26 IST" finished-at="2020-12-27T12:37:27 IST">
          <reporter-output>
          </reporter-output>
        </test-method> <!-- TestCase4 -->
        <test-method status="PASS" signature="aftermethod()[pri:0, instance:MavenTestNGPackage.TestNGClass@5d76b067]" name="aftermethod" is-config="true" duration-ms="64" started-at="2020-12-27T12:37:27 IST" finished-at="2020-12-27T12:37:27 IST">
          <reporter-output>
          </reporter-output>
        </test-method> <!-- aftermethod -->
      </class> <!-- MavenTestNGPackage.TestNGClass -->
    </test> <!-- ChromeTest -->
  </suite> <!-- TestSuite -->
</testng-results>
