<?xml version="1.0" encoding="UTF-8"?>
<testng-results skipped="0" failed="0" ignored="0" total="4" passed="4">
  <reporter-output>
  </reporter-output>
  <suite name="TestSuite" duration-ms="26817" started-at="2020-12-19T15:50:22 IST" finished-at="2020-12-19T15:50:49 IST">
    <groups>
    </groups>
    <test name="ChromeTest" duration-ms="26817" started-at="2020-12-19T15:50:22 IST" finished-at="2020-12-19T15:50:49 IST">
      <class name="MavenTestNGPackage.TestNGClass">
        <test-method status="PASS" signature="setup(java.lang.String)[pri:0, instance:MavenTestNGPackage.TestNGClass@7d0587f1]" name="setup" is-config="true" duration-ms="6078" started-at="2020-12-19T15:50:22 IST" finished-at="2020-12-19T15:50:28 IST">
          <params>
            <param index="0">
              <value>
                <![CDATA[chrome]]>
              </value>
            </param>
          </params>
          <reporter-output>
          </reporter-output>
        </test-method> <!-- setup -->
        <test-method status="PASS" signature="TestCase1()[pri:0, instance:MavenTestNGPackage.TestNGClass@7d0587f1]" name="TestCase1" duration-ms="1063" started-at="2020-12-19T15:50:28 IST" finished-at="2020-12-19T15:50:30 IST">
          <reporter-output>
          </reporter-output>
        </test-method> <!-- TestCase1 -->
        <test-method status="PASS" signature="aftermethod()[pri:0, instance:MavenTestNGPackage.TestNGClass@7d0587f1]" name="aftermethod" is-config="true" duration-ms="133" started-at="2020-12-19T15:50:30 IST" finished-at="2020-12-19T15:50:30 IST">
          <reporter-output>
          </reporter-output>
        </test-method> <!-- aftermethod -->
        <test-method status="PASS" signature="setup(java.lang.String)[pri:0, instance:MavenTestNGPackage.TestNGClass@7d0587f1]" name="setup" is-config="true" duration-ms="5376" started-at="2020-12-19T15:50:30 IST" finished-at="2020-12-19T15:50:35 IST">
          <params>
            <param index="0">
              <value>
                <![CDATA[chrome]]>
              </value>
            </param>
          </params>
          <reporter-output>
          </reporter-output>
        </test-method> <!-- setup -->
        <test-method status="PASS" signature="TestCase2()[pri:0, instance:MavenTestNGPackage.TestNGClass@7d0587f1]" name="TestCase2" duration-ms="1024" started-at="2020-12-19T15:50:35 IST" finished-at="2020-12-19T15:50:36 IST">
          <reporter-output>
          </reporter-output>
        </test-method> <!-- TestCase2 -->
        <test-method status="PASS" signature="aftermethod()[pri:0, instance:MavenTestNGPackage.TestNGClass@7d0587f1]" name="aftermethod" is-config="true" duration-ms="82" started-at="2020-12-19T15:50:36 IST" finished-at="2020-12-19T15:50:36 IST">
          <reporter-output>
          </reporter-output>
        </test-method> <!-- aftermethod -->
        <test-method status="PASS" signature="setup(java.lang.String)[pri:0, instance:MavenTestNGPackage.TestNGClass@7d0587f1]" name="setup" is-config="true" duration-ms="5317" started-at="2020-12-19T15:50:36 IST" finished-at="2020-12-19T15:50:41 IST">
          <params>
            <param index="0">
              <value>
                <![CDATA[chrome]]>
              </value>
            </param>
          </params>
          <reporter-output>
          </reporter-output>
        </test-method> <!-- setup -->
        <test-method status="PASS" signature="TestCase3()[pri:0, instance:MavenTestNGPackage.TestNGClass@7d0587f1]" name="TestCase3" duration-ms="1097" started-at="2020-12-19T15:50:41 IST" finished-at="2020-12-19T15:50:43 IST">
          <reporter-output>
          </reporter-output>
        </test-method> <!-- TestCase3 -->
        <test-method status="PASS" signature="aftermethod()[pri:0, instance:MavenTestNGPackage.TestNGClass@7d0587f1]" name="aftermethod" is-config="true" duration-ms="74" started-at="2020-12-19T15:50:43 IST" finished-at="2020-12-19T15:50:43 IST">
          <reporter-output>
          </reporter-output>
        </test-method> <!-- aftermethod -->
        <test-method status="PASS" signature="setup(java.lang.String)[pri:0, instance:MavenTestNGPackage.TestNGClass@7d0587f1]" name="setup" is-config="true" duration-ms="5379" started-at="2020-12-19T15:50:43 IST" finished-at="2020-12-19T15:50:48 IST">
          <params>
            <param index="0">
              <value>
                <![CDATA[chrome]]>
              </value>
            </param>
          </params>
          <reporter-output>
          </reporter-output>
        </test-method> <!-- setup -->
        <test-method status="PASS" signature="TestCase4()[pri:0, instance:MavenTestNGPackage.TestNGClass@7d0587f1]" name="TestCase4" duration-ms="1100" started-at="2020-12-19T15:50:48 IST" finished-at="2020-12-19T15:50:49 IST">
          <reporter-output>
          </reporter-output>
        </test-method> <!-- TestCase4 -->
        <test-method status="PASS" signature="aftermethod()[pri:0, instance:MavenTestNGPackage.TestNGClass@7d0587f1]" name="aftermethod" is-config="true" duration-ms="56" started-at="2020-12-19T15:50:49 IST" finished-at="2020-12-19T15:50:49 IST">
          <reporter-output>
          </reporter-output>
        </test-method> <!-- aftermethod -->
      </class> <!-- MavenTestNGPackage.TestNGClass -->
    </test> <!-- ChromeTest -->
  </suite> <!-- TestSuite -->
</testng-results>
