<?xml version="1.0" encoding="UTF-8"?>
<!-- Generated by org.testng.reporters.JUnitXMLReporter -->
<testsuite hostname="DESKTOP-SDJU098" ignored="0" name="ChromeTest" tests="4" failures="0" timestamp="2020-12-19T15:50:49 IST" time="26.817" errors="0">
  <testcase name="TestCase1" time="1.063" classname="MavenTestNGPackage.TestNGClass"/>
  <testcase name="TestCase2" time="1.024" classname="MavenTestNGPackage.TestNGClass"/>
  <testcase name="TestCase3" time="1.097" classname="MavenTestNGPackage.TestNGClass"/>
  <testcase name="TestCase4" time="1.1" classname="MavenTestNGPackage.TestNGClass"/>
</testsuite> <!-- ChromeTest -->
