<?xml version="1.0" encoding="UTF-8"?>
<!-- Generated by org.testng.reporters.JUnitXMLReporter -->
<testsuite hostname="DESKTOP-SDJU098" ignored="0" name="ChromeTest" tests="4" failures="0" timestamp="2020-12-27T12:37:27 IST" time="40.583" errors="0">
  <testcase name="TestCase1" time="1.044" classname="MavenTestNGPackage.TestNGClass"/>
  <testcase name="TestCase2" time="0.661" classname="MavenTestNGPackage.TestNGClass"/>
  <testcase name="TestCase3" time="1.048" classname="MavenTestNGPackage.TestNGClass"/>
  <testcase name="TestCase4" time="0.998" classname="MavenTestNGPackage.TestNGClass"/>
</testsuite> <!-- ChromeTest -->
