<?xml version="1.0" encoding="UTF-8"?>
<!-- Generated by org.testng.reporters.JUnitXMLReporter -->
<testsuite hostname="DESKTOP-SDJU098" ignored="0" name="EdgeTest" tests="4" failures="0" timestamp="2020-12-19T13:38:57 IST" time="7.66" errors="0">
  <testcase name="TestCase1" time="1.877" classname="MavenTestNGPackage.TestNGClass"/>
  <testcase name="TestCase2" time="0.002" classname="MavenTestNGPackage.TestNGClass"/>
  <testcase name="TestCase3" time="0.0" classname="MavenTestNGPackage.TestNGClass">
    <skipped/>
  </testcase> <!-- TestCase3 -->
  <testcase name="TestCase4" time="0.0" classname="MavenTestNGPackage.TestNGClass">
    <skipped/>
  </testcase> <!-- TestCase4 -->
</testsuite> <!-- EdgeTest -->
